C51 COMPILER V9.60.0.0   MAIN                                                              03/13/2022 17:41:44 PAGE 1   


C51 COMPILER V9.60.0.0, COMPILATION OF MODULE MAIN
OBJECT MODULE PLACED IN .\Objects\main.obj
COMPILER INVOKED BY: D:\keil5\C51\BIN\C51.EXE main.c OPTIMIZE(8,SPEED) BROWSE DEBUG OBJECTEXTEND PRINT(.\Listings\main.l
                    -st) OBJECT(.\Objects\main.obj)

line level    source

   1          #include<regx52.h>
   2          #include<intrins.h>
   3          
   4          void Delay1ms(unsigned int xms)         //@11.0592MHz
   5          {
   6   1              unsigned char i, j;
   7   1              while(xms)
   8   1              {
   9   2                      _nop_();
  10   2                      _nop_();
  11   2                      _nop_();
  12   2                      i = 11;
  13   2                      j = 190;
  14   2                      do
  15   2                      {
  16   3                              while (--j);
  17   3                      } while (--i);
  18   2                      xms--;
  19   2              }
  20   1      }
  21          
  22          unsigned char LEDNums = 0;
  23          
  24          void main()
  25          {
  26   1              P2 = ~0x01;
  27   1              while(1)
  28   1              {
  29   2                      if (P3_0 == 0)
  30   2                      {
  31   3                              Delay1ms(20);
  32   3                              while(P3_0 == 0);
  33   3                              Delay1ms(20);
  34   3                               
  35   3                              LEDNums++;
  36   3                              LEDNums = LEDNums % 8;
  37   3                               
  38   3                              P2 = ~(0x01<<LEDNums);
  39   3                      }
  40   2                       
  41   2                      if (P3_1 == 0)
  42   2                      {
  43   3                              Delay1ms(20);
  44   3                              while(P3_1 == 0);
  45   3                              Delay1ms(20);
  46   3                               
  47   3                               
  48   3                              if (LEDNums == 0)
  49   3                              {
  50   4                                      LEDNums = 7;                            
  51   4                              }
  52   3                              else
  53   3                              {
  54   4                                      LEDNums--;
C51 COMPILER V9.60.0.0   MAIN                                                              03/13/2022 17:41:44 PAGE 2   

  55   4                              }                               
  56   3                              P2 = ~(0x01<<LEDNums);
  57   3                      }
  58   2              }
  59   1      }


MODULE INFORMATION:   STATIC OVERLAYABLE
   CODE SIZE        =    104    ----
   CONSTANT SIZE    =   ----    ----
   XDATA SIZE       =   ----    ----
   PDATA SIZE       =   ----    ----
   DATA SIZE        =      1    ----
   IDATA SIZE       =   ----    ----
   BIT SIZE         =   ----    ----
END OF MODULE INFORMATION.


C51 COMPILATION COMPLETE.  0 WARNING(S),  0 ERROR(S)
