C51 COMPILER V9.60.0.0   MAIN                                                              03/13/2022 00:14:08 PAGE 1   


C51 COMPILER V9.60.0.0, COMPILATION OF MODULE MAIN
OBJECT MODULE PLACED IN .\Objects\main.obj
COMPILER INVOKED BY: D:\keil5\C51\BIN\C51.EXE main.c OPTIMIZE(8,SPEED) BROWSE DEBUG OBJECTEXTEND PRINT(.\Listings\main.l
                    -st) OBJECT(.\Objects\main.obj)

line level    source

   1          #include<regx52.h>
   2          #include<intrins.h>
   3          void Delay1ms(unsigned int xms)         //@11.0592MHz
   4          {
   5   1              unsigned char i, j;
   6   1              while(xms)
   7   1              {
   8   2                      _nop_();
   9   2                      _nop_();
  10   2                      _nop_();
  11   2                      i = 11;
  12   2                      j = 190;
  13   2                      do
  14   2                      {
  15   3                              while (--j);
  16   3                      } while (--i);
  17   2                      xms--;
  18   2              }
  19   1      }
  20          
  21          void main()
  22          {
  23   1              unsigned char LEDNum = 0;
  24   1              while(1)
  25   1              {
  26   2                      if(P3_1 == 0)
  27   2                      {
  28   3                              Delay1ms(20);
  29   3                              while (P3_1 == 0);
  30   3                              Delay1ms(20);
  31   3                              
  32   3                              //P2++;
  33   3                              LEDNum++;
  34   3                              P2 = ~LEDNum;
  35   3                      }
  36   2                      
  37   2              }
  38   1      }


MODULE INFORMATION:   STATIC OVERLAYABLE
   CODE SIZE        =     52    ----
   CONSTANT SIZE    =   ----    ----
   XDATA SIZE       =   ----    ----
   PDATA SIZE       =   ----    ----
   DATA SIZE        =   ----    ----
   IDATA SIZE       =   ----    ----
   BIT SIZE         =   ----    ----
END OF MODULE INFORMATION.


C51 COMPILATION COMPLETE.  0 WARNING(S),  0 ERROR(S)
