C51 COMPILER V9.60.0.0   MAIN                                                              03/12/2022 20:53:04 PAGE 1   


C51 COMPILER V9.60.0.0, COMPILATION OF MODULE MAIN
OBJECT MODULE PLACED IN .\Objects\main.obj
COMPILER INVOKED BY: D:\keil5\C51\BIN\C51.EXE main.c OPTIMIZE(8,SPEED) BROWSE DEBUG OBJECTEXTEND PRINT(.\Listings\main.l
                    -st) OBJECT(.\Objects\main.obj)

line level    source

   1          #include<regx52.h>
   2          #include<intrins.h>
   3          
   4          void Delay500ms()               //@12.000MHz
   5          {
   6   1              unsigned char i, j, k;
   7   1      
   8   1              _nop_();
   9   1              _nop_();
  10   1              i = 23;
  11   1              j = 205;
  12   1              k = 120;
  13   1              do
  14   1              {
  15   2                      do
  16   2                      {
  17   3                              while (--k);
  18   3                      } while (--j);
  19   2              } while (--i);
  20   1      }
  21          
  22          
  23          void main()
  24          {
  25   1              while(1)
  26   1              {
  27   2                      P2 = 0xFE;     //1111 1110
  28   2                      Delay500ms();
  29   2                      P2 = 0xFF
  30   2                      DElay500ms();
*** ERROR C141 IN LINE 30 OF main.c: syntax error near 'DElay500ms', expected ';'
  31   2              }
  32   1      }

C51 COMPILATION COMPLETE.  0 WARNING(S),  1 ERROR(S)
